[2021-08-21 06:14:57] production.ERROR: It is unsafe to run Dusk in production. {"exception":"[object] (Exception(code: 0): It is unsafe to run Dusk in production. at D:\\xampp\\htdocs\\subtraction_api\\vendor\\laravel\\dusk\\src\\DuskServiceProvider.php:44)
[stacktrace]
#0 D:\\xampp\\htdocs\\subtraction_api\\vendor\\laravel\\framework\\src\\Illuminate\\Foundation\\Application.php(616): Laravel\\Dusk\\DuskServiceProvider->register()
#1 D:\\xampp\\htdocs\\subtraction_api\\vendor\\laravel\\framework\\src\\Illuminate\\Foundation\\ProviderRepository.php(75): Illuminate\\Foundation\\Application->register(Object(Laravel\\Dusk\\DuskServiceProvider))
#2 D:\\xampp\\htdocs\\subtraction_api\\vendor\\laravel\\framework\\src\\Illuminate\\Foundation\\Application.php(593): Illuminate\\Foundation\\ProviderRepository->load(Array)
#3 D:\\xampp\\htdocs\\subtraction_api\\vendor\\laravel\\framework\\src\\Illuminate\\Foundation\\Bootstrap\\RegisterProviders.php(17): Illuminate\\Foundation\\Application->registerConfiguredProviders()
#4 D:\\xampp\\htdocs\\subtraction_api\\vendor\\laravel\\framework\\src\\Illuminate\\Foundation\\Application.php(219): Illuminate\\Foundation\\Bootstrap\\RegisterProviders->bootstrap(Object(Illuminate\\Foundation\\Application))
#5 D:\\xampp\\htdocs\\subtraction_api\\vendor\\laravel\\framework\\src\\Illuminate\\Foundation\\Console\\Kernel.php(320): Illuminate\\Foundation\\Application->bootstrapWith(Array)
#6 D:\\xampp\\htdocs\\subtraction_api\\vendor\\laravel\\framework\\src\\Illuminate\\Foundation\\Console\\Kernel.php(129): Illuminate\\Foundation\\Console\\Kernel->bootstrap()
#7 Command line code(1): Illuminate\\Foundation\\Console\\Kernel->handle(Object(Symfony\\Component\\Console\\Input\\ArgvInput), Object(Symfony\\Component\\Console\\Output\\ConsoleOutput))
#8 {main}
"} 
[2021-08-21 06:14:57] production.ERROR: It is unsafe to run Dusk in production. {"exception":"[object] (Exception(code: 0): It is unsafe to run Dusk in production. at D:\\xampp\\htdocs\\subtraction_api\\vendor\\laravel\\dusk\\src\\DuskServiceProvider.php:44)
[stacktrace]
#0 D:\\xampp\\htdocs\\subtraction_api\\vendor\\laravel\\framework\\src\\Illuminate\\Foundation\\Application.php(616): Laravel\\Dusk\\DuskServiceProvider->register()
#1 D:\\xampp\\htdocs\\subtraction_api\\vendor\\laravel\\framework\\src\\Illuminate\\Foundation\\ProviderRepository.php(75): Illuminate\\Foundation\\Application->register(Object(Laravel\\Dusk\\DuskServiceProvider))
#2 D:\\xampp\\htdocs\\subtraction_api\\vendor\\laravel\\framework\\src\\Illuminate\\Foundation\\Application.php(593): Illuminate\\Foundation\\ProviderRepository->load(Array)
#3 D:\\xampp\\htdocs\\subtraction_api\\vendor\\laravel\\framework\\src\\Illuminate\\Foundation\\Bootstrap\\RegisterProviders.php(17): Illuminate\\Foundation\\Application->registerConfiguredProviders()
#4 D:\\xampp\\htdocs\\subtraction_api\\vendor\\laravel\\framework\\src\\Illuminate\\Foundation\\Application.php(219): Illuminate\\Foundation\\Bootstrap\\RegisterProviders->bootstrap(Object(Illuminate\\Foundation\\Application))
#5 D:\\xampp\\htdocs\\subtraction_api\\vendor\\laravel\\framework\\src\\Illuminate\\Foundation\\Console\\Kernel.php(320): Illuminate\\Foundation\\Application->bootstrapWith(Array)
#6 D:\\xampp\\htdocs\\subtraction_api\\vendor\\laravel\\framework\\src\\Illuminate\\Foundation\\Console\\Kernel.php(129): Illuminate\\Foundation\\Console\\Kernel->bootstrap()
#7 Command line code(1): Illuminate\\Foundation\\Console\\Kernel->handle(Object(Symfony\\Component\\Console\\Input\\ArgvInput), Object(Symfony\\Component\\Console\\Output\\ConsoleOutput))
#8 {main}
"} 
[2021-08-21 06:14:57] production.ERROR: It is unsafe to run Dusk in production. {"exception":"[object] (Exception(code: 0): It is unsafe to run Dusk in production. at D:\\xampp\\htdocs\\subtraction_api\\vendor\\laravel\\dusk\\src\\DuskServiceProvider.php:44)
[stacktrace]
#0 D:\\xampp\\htdocs\\subtraction_api\\vendor\\laravel\\framework\\src\\Illuminate\\Foundation\\Application.php(616): Laravel\\Dusk\\DuskServiceProvider->register()
#1 D:\\xampp\\htdocs\\subtraction_api\\vendor\\laravel\\framework\\src\\Illuminate\\Foundation\\ProviderRepository.php(75): Illuminate\\Foundation\\Application->register(Object(Laravel\\Dusk\\DuskServiceProvider))
#2 D:\\xampp\\htdocs\\subtraction_api\\vendor\\laravel\\framework\\src\\Illuminate\\Foundation\\Application.php(593): Illuminate\\Foundation\\ProviderRepository->load(Array)
#3 D:\\xampp\\htdocs\\subtraction_api\\vendor\\laravel\\framework\\src\\Illuminate\\Foundation\\Bootstrap\\RegisterProviders.php(17): Illuminate\\Foundation\\Application->registerConfiguredProviders()
#4 D:\\xampp\\htdocs\\subtraction_api\\vendor\\laravel\\framework\\src\\Illuminate\\Foundation\\Application.php(219): Illuminate\\Foundation\\Bootstrap\\RegisterProviders->bootstrap(Object(Illuminate\\Foundation\\Application))
#5 D:\\xampp\\htdocs\\subtraction_api\\vendor\\laravel\\framework\\src\\Illuminate\\Foundation\\Console\\Kernel.php(320): Illuminate\\Foundation\\Application->bootstrapWith(Array)
#6 D:\\xampp\\htdocs\\subtraction_api\\vendor\\laravel\\framework\\src\\Illuminate\\Foundation\\Console\\Kernel.php(129): Illuminate\\Foundation\\Console\\Kernel->bootstrap()
#7 Command line code(1): Illuminate\\Foundation\\Console\\Kernel->handle(Object(Symfony\\Component\\Console\\Input\\ArgvInput), Object(Symfony\\Component\\Console\\Output\\ConsoleOutput))
#8 {main}
"} 
[2021-08-21 06:14:57] production.ERROR: It is unsafe to run Dusk in production. {"exception":"[object] (Exception(code: 0): It is unsafe to run Dusk in production. at D:\\xampp\\htdocs\\subtraction_api\\vendor\\laravel\\dusk\\src\\DuskServiceProvider.php:44)
[stacktrace]
#0 D:\\xampp\\htdocs\\subtraction_api\\vendor\\laravel\\framework\\src\\Illuminate\\Foundation\\Application.php(616): Laravel\\Dusk\\DuskServiceProvider->register()
#1 D:\\xampp\\htdocs\\subtraction_api\\vendor\\laravel\\framework\\src\\Illuminate\\Foundation\\ProviderRepository.php(75): Illuminate\\Foundation\\Application->register(Object(Laravel\\Dusk\\DuskServiceProvider))
#2 D:\\xampp\\htdocs\\subtraction_api\\vendor\\laravel\\framework\\src\\Illuminate\\Foundation\\Application.php(593): Illuminate\\Foundation\\ProviderRepository->load(Array)
#3 D:\\xampp\\htdocs\\subtraction_api\\vendor\\laravel\\framework\\src\\Illuminate\\Foundation\\Bootstrap\\RegisterProviders.php(17): Illuminate\\Foundation\\Application->registerConfiguredProviders()
#4 D:\\xampp\\htdocs\\subtraction_api\\vendor\\laravel\\framework\\src\\Illuminate\\Foundation\\Application.php(219): Illuminate\\Foundation\\Bootstrap\\RegisterProviders->bootstrap(Object(Illuminate\\Foundation\\Application))
#5 D:\\xampp\\htdocs\\subtraction_api\\vendor\\laravel\\framework\\src\\Illuminate\\Foundation\\Console\\Kernel.php(320): Illuminate\\Foundation\\Application->bootstrapWith(Array)
#6 D:\\xampp\\htdocs\\subtraction_api\\vendor\\laravel\\framework\\src\\Illuminate\\Foundation\\Console\\Kernel.php(129): Illuminate\\Foundation\\Console\\Kernel->bootstrap()
#7 Command line code(1): Illuminate\\Foundation\\Console\\Kernel->handle(Object(Symfony\\Component\\Console\\Input\\ArgvInput), Object(Symfony\\Component\\Console\\Output\\ConsoleOutput))
#8 {main}
"} 
[2021-08-21 06:14:57] production.ERROR: It is unsafe to run Dusk in production. {"exception":"[object] (Exception(code: 0): It is unsafe to run Dusk in production. at D:\\xampp\\htdocs\\subtraction_api\\vendor\\laravel\\dusk\\src\\DuskServiceProvider.php:44)
[stacktrace]
#0 D:\\xampp\\htdocs\\subtraction_api\\vendor\\laravel\\framework\\src\\Illuminate\\Foundation\\Application.php(616): Laravel\\Dusk\\DuskServiceProvider->register()
#1 D:\\xampp\\htdocs\\subtraction_api\\vendor\\laravel\\framework\\src\\Illuminate\\Foundation\\ProviderRepository.php(75): Illuminate\\Foundation\\Application->register(Object(Laravel\\Dusk\\DuskServiceProvider))
#2 D:\\xampp\\htdocs\\subtraction_api\\vendor\\laravel\\framework\\src\\Illuminate\\Foundation\\Application.php(593): Illuminate\\Foundation\\ProviderRepository->load(Array)
#3 D:\\xampp\\htdocs\\subtraction_api\\vendor\\laravel\\framework\\src\\Illuminate\\Foundation\\Bootstrap\\RegisterProviders.php(17): Illuminate\\Foundation\\Application->registerConfiguredProviders()
#4 D:\\xampp\\htdocs\\subtraction_api\\vendor\\laravel\\framework\\src\\Illuminate\\Foundation\\Application.php(219): Illuminate\\Foundation\\Bootstrap\\RegisterProviders->bootstrap(Object(Illuminate\\Foundation\\Application))
#5 D:\\xampp\\htdocs\\subtraction_api\\vendor\\laravel\\framework\\src\\Illuminate\\Foundation\\Console\\Kernel.php(320): Illuminate\\Foundation\\Application->bootstrapWith(Array)
#6 D:\\xampp\\htdocs\\subtraction_api\\vendor\\laravel\\framework\\src\\Illuminate\\Foundation\\Console\\Kernel.php(129): Illuminate\\Foundation\\Console\\Kernel->bootstrap()
#7 Command line code(1): Illuminate\\Foundation\\Console\\Kernel->handle(Object(Symfony\\Component\\Console\\Input\\ArgvInput), Object(Symfony\\Component\\Console\\Output\\ConsoleOutput))
#8 {main}
"} 
[2021-08-21 06:14:57] production.ERROR: It is unsafe to run Dusk in production. {"exception":"[object] (Exception(code: 0): It is unsafe to run Dusk in production. at D:\\xampp\\htdocs\\subtraction_api\\vendor\\laravel\\dusk\\src\\DuskServiceProvider.php:44)
[stacktrace]
#0 D:\\xampp\\htdocs\\subtraction_api\\vendor\\laravel\\framework\\src\\Illuminate\\Foundation\\Application.php(616): Laravel\\Dusk\\DuskServiceProvider->register()
#1 D:\\xampp\\htdocs\\subtraction_api\\vendor\\laravel\\framework\\src\\Illuminate\\Foundation\\ProviderRepository.php(75): Illuminate\\Foundation\\Application->register(Object(Laravel\\Dusk\\DuskServiceProvider))
#2 D:\\xampp\\htdocs\\subtraction_api\\vendor\\laravel\\framework\\src\\Illuminate\\Foundation\\Application.php(593): Illuminate\\Foundation\\ProviderRepository->load(Array)
#3 D:\\xampp\\htdocs\\subtraction_api\\vendor\\laravel\\framework\\src\\Illuminate\\Foundation\\Bootstrap\\RegisterProviders.php(17): Illuminate\\Foundation\\Application->registerConfiguredProviders()
#4 D:\\xampp\\htdocs\\subtraction_api\\vendor\\laravel\\framework\\src\\Illuminate\\Foundation\\Application.php(219): Illuminate\\Foundation\\Bootstrap\\RegisterProviders->bootstrap(Object(Illuminate\\Foundation\\Application))
#5 D:\\xampp\\htdocs\\subtraction_api\\vendor\\laravel\\framework\\src\\Illuminate\\Foundation\\Console\\Kernel.php(320): Illuminate\\Foundation\\Application->bootstrapWith(Array)
#6 D:\\xampp\\htdocs\\subtraction_api\\vendor\\laravel\\framework\\src\\Illuminate\\Foundation\\Console\\Kernel.php(129): Illuminate\\Foundation\\Console\\Kernel->bootstrap()
#7 Command line code(1): Illuminate\\Foundation\\Console\\Kernel->handle(Object(Symfony\\Component\\Console\\Input\\ArgvInput), Object(Symfony\\Component\\Console\\Output\\ConsoleOutput))
#8 {main}
"} 
[2021-08-21 06:14:57] production.ERROR: It is unsafe to run Dusk in production. {"exception":"[object] (Exception(code: 0): It is unsafe to run Dusk in production. at D:\\xampp\\htdocs\\subtraction_api\\vendor\\laravel\\dusk\\src\\DuskServiceProvider.php:44)
[stacktrace]
#0 D:\\xampp\\htdocs\\subtraction_api\\vendor\\laravel\\framework\\src\\Illuminate\\Foundation\\Application.php(616): Laravel\\Dusk\\DuskServiceProvider->register()
#1 D:\\xampp\\htdocs\\subtraction_api\\vendor\\laravel\\framework\\src\\Illuminate\\Foundation\\ProviderRepository.php(75): Illuminate\\Foundation\\Application->register(Object(Laravel\\Dusk\\DuskServiceProvider))
#2 D:\\xampp\\htdocs\\subtraction_api\\vendor\\laravel\\framework\\src\\Illuminate\\Foundation\\Application.php(593): Illuminate\\Foundation\\ProviderRepository->load(Array)
#3 D:\\xampp\\htdocs\\subtraction_api\\vendor\\laravel\\framework\\src\\Illuminate\\Foundation\\Bootstrap\\RegisterProviders.php(17): Illuminate\\Foundation\\Application->registerConfiguredProviders()
#4 D:\\xampp\\htdocs\\subtraction_api\\vendor\\laravel\\framework\\src\\Illuminate\\Foundation\\Application.php(219): Illuminate\\Foundation\\Bootstrap\\RegisterProviders->bootstrap(Object(Illuminate\\Foundation\\Application))
#5 D:\\xampp\\htdocs\\subtraction_api\\vendor\\laravel\\framework\\src\\Illuminate\\Foundation\\Console\\Kernel.php(320): Illuminate\\Foundation\\Application->bootstrapWith(Array)
#6 D:\\xampp\\htdocs\\subtraction_api\\vendor\\laravel\\framework\\src\\Illuminate\\Foundation\\Console\\Kernel.php(129): Illuminate\\Foundation\\Console\\Kernel->bootstrap()
#7 Command line code(1): Illuminate\\Foundation\\Console\\Kernel->handle(Object(Symfony\\Component\\Console\\Input\\ArgvInput), Object(Symfony\\Component\\Console\\Output\\ConsoleOutput))
#8 {main}
"} 
[2021-08-21 06:14:57] production.ERROR: It is unsafe to run Dusk in production. {"exception":"[object] (Exception(code: 0): It is unsafe to run Dusk in production. at D:\\xampp\\htdocs\\subtraction_api\\vendor\\laravel\\dusk\\src\\DuskServiceProvider.php:44)
[stacktrace]
#0 D:\\xampp\\htdocs\\subtraction_api\\vendor\\laravel\\framework\\src\\Illuminate\\Foundation\\Application.php(616): Laravel\\Dusk\\DuskServiceProvider->register()
#1 D:\\xampp\\htdocs\\subtraction_api\\vendor\\laravel\\framework\\src\\Illuminate\\Foundation\\ProviderRepository.php(75): Illuminate\\Foundation\\Application->register(Object(Laravel\\Dusk\\DuskServiceProvider))
#2 D:\\xampp\\htdocs\\subtraction_api\\vendor\\laravel\\framework\\src\\Illuminate\\Foundation\\Application.php(593): Illuminate\\Foundation\\ProviderRepository->load(Array)
#3 D:\\xampp\\htdocs\\subtraction_api\\vendor\\laravel\\framework\\src\\Illuminate\\Foundation\\Bootstrap\\RegisterProviders.php(17): Illuminate\\Foundation\\Application->registerConfiguredProviders()
#4 D:\\xampp\\htdocs\\subtraction_api\\vendor\\laravel\\framework\\src\\Illuminate\\Foundation\\Application.php(219): Illuminate\\Foundation\\Bootstrap\\RegisterProviders->bootstrap(Object(Illuminate\\Foundation\\Application))
#5 D:\\xampp\\htdocs\\subtraction_api\\vendor\\laravel\\framework\\src\\Illuminate\\Foundation\\Console\\Kernel.php(320): Illuminate\\Foundation\\Application->bootstrapWith(Array)
#6 D:\\xampp\\htdocs\\subtraction_api\\vendor\\laravel\\framework\\src\\Illuminate\\Foundation\\Console\\Kernel.php(129): Illuminate\\Foundation\\Console\\Kernel->bootstrap()
#7 Command line code(1): Illuminate\\Foundation\\Console\\Kernel->handle(Object(Symfony\\Component\\Console\\Input\\ArgvInput), Object(Symfony\\Component\\Console\\Output\\ConsoleOutput))
#8 {main}
"} 
[2021-08-21 06:14:57] production.ERROR: It is unsafe to run Dusk in production. {"exception":"[object] (Exception(code: 0): It is unsafe to run Dusk in production. at D:\\xampp\\htdocs\\subtraction_api\\vendor\\laravel\\dusk\\src\\DuskServiceProvider.php:44)
[stacktrace]
#0 D:\\xampp\\htdocs\\subtraction_api\\vendor\\laravel\\framework\\src\\Illuminate\\Foundation\\Application.php(616): Laravel\\Dusk\\DuskServiceProvider->register()
#1 D:\\xampp\\htdocs\\subtraction_api\\vendor\\laravel\\framework\\src\\Illuminate\\Foundation\\ProviderRepository.php(75): Illuminate\\Foundation\\Application->register(Object(Laravel\\Dusk\\DuskServiceProvider))
#2 D:\\xampp\\htdocs\\subtraction_api\\vendor\\laravel\\framework\\src\\Illuminate\\Foundation\\Application.php(593): Illuminate\\Foundation\\ProviderRepository->load(Array)
#3 D:\\xampp\\htdocs\\subtraction_api\\vendor\\laravel\\framework\\src\\Illuminate\\Foundation\\Bootstrap\\RegisterProviders.php(17): Illuminate\\Foundation\\Application->registerConfiguredProviders()
#4 D:\\xampp\\htdocs\\subtraction_api\\vendor\\laravel\\framework\\src\\Illuminate\\Foundation\\Application.php(219): Illuminate\\Foundation\\Bootstrap\\RegisterProviders->bootstrap(Object(Illuminate\\Foundation\\Application))
#5 D:\\xampp\\htdocs\\subtraction_api\\vendor\\laravel\\framework\\src\\Illuminate\\Foundation\\Console\\Kernel.php(320): Illuminate\\Foundation\\Application->bootstrapWith(Array)
#6 D:\\xampp\\htdocs\\subtraction_api\\vendor\\laravel\\framework\\src\\Illuminate\\Foundation\\Console\\Kernel.php(129): Illuminate\\Foundation\\Console\\Kernel->bootstrap()
#7 Command line code(1): Illuminate\\Foundation\\Console\\Kernel->handle(Object(Symfony\\Component\\Console\\Input\\ArgvInput), Object(Symfony\\Component\\Console\\Output\\ConsoleOutput))
#8 {main}
"} 
[2021-08-21 06:14:57] production.ERROR: Uncaught ReflectionException: Class translator does not exist in D:\xampp\htdocs\subtraction_api\vendor\laravel\framework\src\Illuminate\Container\Container.php:803
Stack trace:
#0 D:\xampp\htdocs\subtraction_api\vendor\laravel\framework\src\Illuminate\Container\Container.php(803): ReflectionClass->__construct('translator')
#1 D:\xampp\htdocs\subtraction_api\vendor\laravel\framework\src\Illuminate\Container\Container.php(681): Illuminate\Container\Container->build('translator')
#2 D:\xampp\htdocs\subtraction_api\vendor\laravel\framework\src\Illuminate\Container\Container.php(629): Illuminate\Container\Container->resolve('translator', Array)
#3 D:\xampp\htdocs\subtraction_api\vendor\laravel\framework\src\Illuminate\Foundation\Application.php(776): Illuminate\Container\Container->make('translator', Array)
#4 D:\xampp\htdocs\subtraction_api\vendor\laravel\framework\src\Illuminate\Foundation\helpers.php(121): Illuminate\Foundation\Application->make('translator', Array)
#5 Command line code(1): app('translator')
# {"exception":"[object] (Symfony\\Component\\Debug\\Exception\\FatalErrorException(code: 1): Uncaught ReflectionException: Class translator does not exist in D:\\xampp\\htdocs\\subtraction_api\\vendor\\laravel\\framework\\src\\Illuminate\\Container\\Container.php:803
Stack trace:
#0 D:\\xampp\\htdocs\\subtraction_api\\vendor\\laravel\\framework\\src\\Illuminate\\Container\\Container.php(803): ReflectionClass->__construct('translator')
#1 D:\\xampp\\htdocs\\subtraction_api\\vendor\\laravel\\framework\\src\\Illuminate\\Container\\Container.php(681): Illuminate\\Container\\Container->build('translator')
#2 D:\\xampp\\htdocs\\subtraction_api\\vendor\\laravel\\framework\\src\\Illuminate\\Container\\Container.php(629): Illuminate\\Container\\Container->resolve('translator', Array)
#3 D:\\xampp\\htdocs\\subtraction_api\\vendor\\laravel\\framework\\src\\Illuminate\\Foundation\\Application.php(776): Illuminate\\Container\\Container->make('translator', Array)
#4 D:\\xampp\\htdocs\\subtraction_api\\vendor\\laravel\\framework\\src\\Illuminate\\Foundation\\helpers.php(121): Illuminate\\Foundation\\Application->make('translator', Array)
#5 Command line code(1): app('translator')
# at D:\\xampp\\htdocs\\subtraction_api\\vendor\\laravel\\framework\\src\\Illuminate\\Container\\Container.php:805)
[stacktrace]
#0 {main}
"} 
[2021-08-21 06:14:58] production.ERROR: It is unsafe to run Dusk in production. {"exception":"[object] (Exception(code: 0): It is unsafe to run Dusk in production. at D:\\xampp\\htdocs\\subtraction_api\\vendor\\laravel\\dusk\\src\\DuskServiceProvider.php:44)
[stacktrace]
#0 D:\\xampp\\htdocs\\subtraction_api\\vendor\\laravel\\framework\\src\\Illuminate\\Foundation\\Application.php(616): Laravel\\Dusk\\DuskServiceProvider->register()
#1 D:\\xampp\\htdocs\\subtraction_api\\vendor\\laravel\\framework\\src\\Illuminate\\Foundation\\ProviderRepository.php(75): Illuminate\\Foundation\\Application->register(Object(Laravel\\Dusk\\DuskServiceProvider))
#2 D:\\xampp\\htdocs\\subtraction_api\\vendor\\laravel\\framework\\src\\Illuminate\\Foundation\\Application.php(593): Illuminate\\Foundation\\ProviderRepository->load(Array)
#3 D:\\xampp\\htdocs\\subtraction_api\\vendor\\laravel\\framework\\src\\Illuminate\\Foundation\\Bootstrap\\RegisterProviders.php(17): Illuminate\\Foundation\\Application->registerConfiguredProviders()
#4 D:\\xampp\\htdocs\\subtraction_api\\vendor\\laravel\\framework\\src\\Illuminate\\Foundation\\Application.php(219): Illuminate\\Foundation\\Bootstrap\\RegisterProviders->bootstrap(Object(Illuminate\\Foundation\\Application))
#5 D:\\xampp\\htdocs\\subtraction_api\\vendor\\laravel\\framework\\src\\Illuminate\\Foundation\\Console\\Kernel.php(320): Illuminate\\Foundation\\Application->bootstrapWith(Array)
#6 D:\\xampp\\htdocs\\subtraction_api\\vendor\\laravel\\framework\\src\\Illuminate\\Foundation\\Console\\Kernel.php(129): Illuminate\\Foundation\\Console\\Kernel->bootstrap()
#7 Command line code(1): Illuminate\\Foundation\\Console\\Kernel->handle(Object(Symfony\\Component\\Console\\Input\\ArgvInput), Object(Symfony\\Component\\Console\\Output\\ConsoleOutput))
#8 {main}
"} 
[2021-08-21 06:15:48] production.ERROR: It is unsafe to run Dusk in production. {"exception":"[object] (Exception(code: 0): It is unsafe to run Dusk in production. at D:\\xampp\\htdocs\\subtraction_api\\vendor\\laravel\\dusk\\src\\DuskServiceProvider.php:44)
[stacktrace]
#0 D:\\xampp\\htdocs\\subtraction_api\\vendor\\laravel\\framework\\src\\Illuminate\\Foundation\\Application.php(616): Laravel\\Dusk\\DuskServiceProvider->register()
#1 D:\\xampp\\htdocs\\subtraction_api\\vendor\\laravel\\framework\\src\\Illuminate\\Foundation\\ProviderRepository.php(75): Illuminate\\Foundation\\Application->register(Object(Laravel\\Dusk\\DuskServiceProvider))
#2 D:\\xampp\\htdocs\\subtraction_api\\vendor\\laravel\\framework\\src\\Illuminate\\Foundation\\Application.php(593): Illuminate\\Foundation\\ProviderRepository->load(Array)
#3 D:\\xampp\\htdocs\\subtraction_api\\vendor\\laravel\\framework\\src\\Illuminate\\Foundation\\Bootstrap\\RegisterProviders.php(17): Illuminate\\Foundation\\Application->registerConfiguredProviders()
#4 D:\\xampp\\htdocs\\subtraction_api\\vendor\\laravel\\framework\\src\\Illuminate\\Foundation\\Application.php(219): Illuminate\\Foundation\\Bootstrap\\RegisterProviders->bootstrap(Object(Illuminate\\Foundation\\Application))
#5 D:\\xampp\\htdocs\\subtraction_api\\vendor\\laravel\\framework\\src\\Illuminate\\Foundation\\Console\\Kernel.php(320): Illuminate\\Foundation\\Application->bootstrapWith(Array)
#6 D:\\xampp\\htdocs\\subtraction_api\\vendor\\laravel\\framework\\src\\Illuminate\\Foundation\\Console\\Kernel.php(129): Illuminate\\Foundation\\Console\\Kernel->bootstrap()
#7 Command line code(1): Illuminate\\Foundation\\Console\\Kernel->handle(Object(Symfony\\Component\\Console\\Input\\ArgvInput), Object(Symfony\\Component\\Console\\Output\\ConsoleOutput))
#8 {main}
"} 
[2021-08-21 06:15:48] production.ERROR: It is unsafe to run Dusk in production. {"exception":"[object] (Exception(code: 0): It is unsafe to run Dusk in production. at D:\\xampp\\htdocs\\subtraction_api\\vendor\\laravel\\dusk\\src\\DuskServiceProvider.php:44)
[stacktrace]
#0 D:\\xampp\\htdocs\\subtraction_api\\vendor\\laravel\\framework\\src\\Illuminate\\Foundation\\Application.php(616): Laravel\\Dusk\\DuskServiceProvider->register()
#1 D:\\xampp\\htdocs\\subtraction_api\\vendor\\laravel\\framework\\src\\Illuminate\\Foundation\\ProviderRepository.php(75): Illuminate\\Foundation\\Application->register(Object(Laravel\\Dusk\\DuskServiceProvider))
#2 D:\\xampp\\htdocs\\subtraction_api\\vendor\\laravel\\framework\\src\\Illuminate\\Foundation\\Application.php(593): Illuminate\\Foundation\\ProviderRepository->load(Array)
#3 D:\\xampp\\htdocs\\subtraction_api\\vendor\\laravel\\framework\\src\\Illuminate\\Foundation\\Bootstrap\\RegisterProviders.php(17): Illuminate\\Foundation\\Application->registerConfiguredProviders()
#4 D:\\xampp\\htdocs\\subtraction_api\\vendor\\laravel\\framework\\src\\Illuminate\\Foundation\\Application.php(219): Illuminate\\Foundation\\Bootstrap\\RegisterProviders->bootstrap(Object(Illuminate\\Foundation\\Application))
#5 D:\\xampp\\htdocs\\subtraction_api\\vendor\\laravel\\framework\\src\\Illuminate\\Foundation\\Console\\Kernel.php(320): Illuminate\\Foundation\\Application->bootstrapWith(Array)
#6 D:\\xampp\\htdocs\\subtraction_api\\vendor\\laravel\\framework\\src\\Illuminate\\Foundation\\Console\\Kernel.php(129): Illuminate\\Foundation\\Console\\Kernel->bootstrap()
#7 Command line code(1): Illuminate\\Foundation\\Console\\Kernel->handle(Object(Symfony\\Component\\Console\\Input\\ArgvInput), Object(Symfony\\Component\\Console\\Output\\ConsoleOutput))
#8 {main}
"} 
[2021-08-21 06:16:48] production.ERROR: It is unsafe to run Dusk in production. {"exception":"[object] (Exception(code: 0): It is unsafe to run Dusk in production. at D:\\xampp\\htdocs\\subtraction_api\\vendor\\laravel\\dusk\\src\\DuskServiceProvider.php:44)
[stacktrace]
#0 D:\\xampp\\htdocs\\subtraction_api\\vendor\\laravel\\framework\\src\\Illuminate\\Foundation\\Application.php(616): Laravel\\Dusk\\DuskServiceProvider->register()
#1 D:\\xampp\\htdocs\\subtraction_api\\vendor\\laravel\\framework\\src\\Illuminate\\Foundation\\ProviderRepository.php(75): Illuminate\\Foundation\\Application->register(Object(Laravel\\Dusk\\DuskServiceProvider))
#2 D:\\xampp\\htdocs\\subtraction_api\\vendor\\laravel\\framework\\src\\Illuminate\\Foundation\\Application.php(593): Illuminate\\Foundation\\ProviderRepository->load(Array)
#3 D:\\xampp\\htdocs\\subtraction_api\\vendor\\laravel\\framework\\src\\Illuminate\\Foundation\\Bootstrap\\RegisterProviders.php(17): Illuminate\\Foundation\\Application->registerConfiguredProviders()
#4 D:\\xampp\\htdocs\\subtraction_api\\vendor\\laravel\\framework\\src\\Illuminate\\Foundation\\Application.php(219): Illuminate\\Foundation\\Bootstrap\\RegisterProviders->bootstrap(Object(Illuminate\\Foundation\\Application))
#5 D:\\xampp\\htdocs\\subtraction_api\\vendor\\laravel\\framework\\src\\Illuminate\\Foundation\\Console\\Kernel.php(320): Illuminate\\Foundation\\Application->bootstrapWith(Array)
#6 D:\\xampp\\htdocs\\subtraction_api\\vendor\\laravel\\framework\\src\\Illuminate\\Foundation\\Console\\Kernel.php(129): Illuminate\\Foundation\\Console\\Kernel->bootstrap()
#7 Command line code(1): Illuminate\\Foundation\\Console\\Kernel->handle(Object(Symfony\\Component\\Console\\Input\\ArgvInput), Object(Symfony\\Component\\Console\\Output\\ConsoleOutput))
#8 {main}
"} 
[2021-08-21 06:16:48] production.ERROR: It is unsafe to run Dusk in production. {"exception":"[object] (Exception(code: 0): It is unsafe to run Dusk in production. at D:\\xampp\\htdocs\\subtraction_api\\vendor\\laravel\\dusk\\src\\DuskServiceProvider.php:44)
[stacktrace]
#0 D:\\xampp\\htdocs\\subtraction_api\\vendor\\laravel\\framework\\src\\Illuminate\\Foundation\\Application.php(616): Laravel\\Dusk\\DuskServiceProvider->register()
#1 D:\\xampp\\htdocs\\subtraction_api\\vendor\\laravel\\framework\\src\\Illuminate\\Foundation\\ProviderRepository.php(75): Illuminate\\Foundation\\Application->register(Object(Laravel\\Dusk\\DuskServiceProvider))
#2 D:\\xampp\\htdocs\\subtraction_api\\vendor\\laravel\\framework\\src\\Illuminate\\Foundation\\Application.php(593): Illuminate\\Foundation\\ProviderRepository->load(Array)
#3 D:\\xampp\\htdocs\\subtraction_api\\vendor\\laravel\\framework\\src\\Illuminate\\Foundation\\Bootstrap\\RegisterProviders.php(17): Illuminate\\Foundation\\Application->registerConfiguredProviders()
#4 D:\\xampp\\htdocs\\subtraction_api\\vendor\\laravel\\framework\\src\\Illuminate\\Foundation\\Application.php(219): Illuminate\\Foundation\\Bootstrap\\RegisterProviders->bootstrap(Object(Illuminate\\Foundation\\Application))
#5 D:\\xampp\\htdocs\\subtraction_api\\vendor\\laravel\\framework\\src\\Illuminate\\Foundation\\Console\\Kernel.php(320): Illuminate\\Foundation\\Application->bootstrapWith(Array)
#6 D:\\xampp\\htdocs\\subtraction_api\\vendor\\laravel\\framework\\src\\Illuminate\\Foundation\\Console\\Kernel.php(129): Illuminate\\Foundation\\Console\\Kernel->bootstrap()
#7 Command line code(1): Illuminate\\Foundation\\Console\\Kernel->handle(Object(Symfony\\Component\\Console\\Input\\ArgvInput), Object(Symfony\\Component\\Console\\Output\\ConsoleOutput))
#8 {main}
"} 
[2021-08-21 06:17:48] production.ERROR: It is unsafe to run Dusk in production. {"exception":"[object] (Exception(code: 0): It is unsafe to run Dusk in production. at D:\\xampp\\htdocs\\subtraction_api\\vendor\\laravel\\dusk\\src\\DuskServiceProvider.php:44)
[stacktrace]
#0 D:\\xampp\\htdocs\\subtraction_api\\vendor\\laravel\\framework\\src\\Illuminate\\Foundation\\Application.php(616): Laravel\\Dusk\\DuskServiceProvider->register()
#1 D:\\xampp\\htdocs\\subtraction_api\\vendor\\laravel\\framework\\src\\Illuminate\\Foundation\\ProviderRepository.php(75): Illuminate\\Foundation\\Application->register(Object(Laravel\\Dusk\\DuskServiceProvider))
#2 D:\\xampp\\htdocs\\subtraction_api\\vendor\\laravel\\framework\\src\\Illuminate\\Foundation\\Application.php(593): Illuminate\\Foundation\\ProviderRepository->load(Array)
#3 D:\\xampp\\htdocs\\subtraction_api\\vendor\\laravel\\framework\\src\\Illuminate\\Foundation\\Bootstrap\\RegisterProviders.php(17): Illuminate\\Foundation\\Application->registerConfiguredProviders()
#4 D:\\xampp\\htdocs\\subtraction_api\\vendor\\laravel\\framework\\src\\Illuminate\\Foundation\\Application.php(219): Illuminate\\Foundation\\Bootstrap\\RegisterProviders->bootstrap(Object(Illuminate\\Foundation\\Application))
#5 D:\\xampp\\htdocs\\subtraction_api\\vendor\\laravel\\framework\\src\\Illuminate\\Foundation\\Console\\Kernel.php(320): Illuminate\\Foundation\\Application->bootstrapWith(Array)
#6 D:\\xampp\\htdocs\\subtraction_api\\vendor\\laravel\\framework\\src\\Illuminate\\Foundation\\Console\\Kernel.php(129): Illuminate\\Foundation\\Console\\Kernel->bootstrap()
#7 Command line code(1): Illuminate\\Foundation\\Console\\Kernel->handle(Object(Symfony\\Component\\Console\\Input\\ArgvInput), Object(Symfony\\Component\\Console\\Output\\ConsoleOutput))
#8 {main}
"} 
[2021-08-21 06:17:48] production.ERROR: It is unsafe to run Dusk in production. {"exception":"[object] (Exception(code: 0): It is unsafe to run Dusk in production. at D:\\xampp\\htdocs\\subtraction_api\\vendor\\laravel\\dusk\\src\\DuskServiceProvider.php:44)
[stacktrace]
#0 D:\\xampp\\htdocs\\subtraction_api\\vendor\\laravel\\framework\\src\\Illuminate\\Foundation\\Application.php(616): Laravel\\Dusk\\DuskServiceProvider->register()
#1 D:\\xampp\\htdocs\\subtraction_api\\vendor\\laravel\\framework\\src\\Illuminate\\Foundation\\ProviderRepository.php(75): Illuminate\\Foundation\\Application->register(Object(Laravel\\Dusk\\DuskServiceProvider))
#2 D:\\xampp\\htdocs\\subtraction_api\\vendor\\laravel\\framework\\src\\Illuminate\\Foundation\\Application.php(593): Illuminate\\Foundation\\ProviderRepository->load(Array)
#3 D:\\xampp\\htdocs\\subtraction_api\\vendor\\laravel\\framework\\src\\Illuminate\\Foundation\\Bootstrap\\RegisterProviders.php(17): Illuminate\\Foundation\\Application->registerConfiguredProviders()
#4 D:\\xampp\\htdocs\\subtraction_api\\vendor\\laravel\\framework\\src\\Illuminate\\Foundation\\Application.php(219): Illuminate\\Foundation\\Bootstrap\\RegisterProviders->bootstrap(Object(Illuminate\\Foundation\\Application))
#5 D:\\xampp\\htdocs\\subtraction_api\\vendor\\laravel\\framework\\src\\Illuminate\\Foundation\\Console\\Kernel.php(320): Illuminate\\Foundation\\Application->bootstrapWith(Array)
#6 D:\\xampp\\htdocs\\subtraction_api\\vendor\\laravel\\framework\\src\\Illuminate\\Foundation\\Console\\Kernel.php(129): Illuminate\\Foundation\\Console\\Kernel->bootstrap()
#7 Command line code(1): Illuminate\\Foundation\\Console\\Kernel->handle(Object(Symfony\\Component\\Console\\Input\\ArgvInput), Object(Symfony\\Component\\Console\\Output\\ConsoleOutput))
#8 {main}
"} 
[2021-08-21 06:18:48] production.ERROR: It is unsafe to run Dusk in production. {"exception":"[object] (Exception(code: 0): It is unsafe to run Dusk in production. at D:\\xampp\\htdocs\\subtraction_api\\vendor\\laravel\\dusk\\src\\DuskServiceProvider.php:44)
[stacktrace]
#0 D:\\xampp\\htdocs\\subtraction_api\\vendor\\laravel\\framework\\src\\Illuminate\\Foundation\\Application.php(616): Laravel\\Dusk\\DuskServiceProvider->register()
#1 D:\\xampp\\htdocs\\subtraction_api\\vendor\\laravel\\framework\\src\\Illuminate\\Foundation\\ProviderRepository.php(75): Illuminate\\Foundation\\Application->register(Object(Laravel\\Dusk\\DuskServiceProvider))
#2 D:\\xampp\\htdocs\\subtraction_api\\vendor\\laravel\\framework\\src\\Illuminate\\Foundation\\Application.php(593): Illuminate\\Foundation\\ProviderRepository->load(Array)
#3 D:\\xampp\\htdocs\\subtraction_api\\vendor\\laravel\\framework\\src\\Illuminate\\Foundation\\Bootstrap\\RegisterProviders.php(17): Illuminate\\Foundation\\Application->registerConfiguredProviders()
#4 D:\\xampp\\htdocs\\subtraction_api\\vendor\\laravel\\framework\\src\\Illuminate\\Foundation\\Application.php(219): Illuminate\\Foundation\\Bootstrap\\RegisterProviders->bootstrap(Object(Illuminate\\Foundation\\Application))
#5 D:\\xampp\\htdocs\\subtraction_api\\vendor\\laravel\\framework\\src\\Illuminate\\Foundation\\Console\\Kernel.php(320): Illuminate\\Foundation\\Application->bootstrapWith(Array)
#6 D:\\xampp\\htdocs\\subtraction_api\\vendor\\laravel\\framework\\src\\Illuminate\\Foundation\\Console\\Kernel.php(129): Illuminate\\Foundation\\Console\\Kernel->bootstrap()
#7 Command line code(1): Illuminate\\Foundation\\Console\\Kernel->handle(Object(Symfony\\Component\\Console\\Input\\ArgvInput), Object(Symfony\\Component\\Console\\Output\\ConsoleOutput))
#8 {main}
"} 
[2021-08-21 06:19:48] production.ERROR: It is unsafe to run Dusk in production. {"exception":"[object] (Exception(code: 0): It is unsafe to run Dusk in production. at D:\\xampp\\htdocs\\subtraction_api\\vendor\\laravel\\dusk\\src\\DuskServiceProvider.php:44)
[stacktrace]
#0 D:\\xampp\\htdocs\\subtraction_api\\vendor\\laravel\\framework\\src\\Illuminate\\Foundation\\Application.php(616): Laravel\\Dusk\\DuskServiceProvider->register()
#1 D:\\xampp\\htdocs\\subtraction_api\\vendor\\laravel\\framework\\src\\Illuminate\\Foundation\\ProviderRepository.php(75): Illuminate\\Foundation\\Application->register(Object(Laravel\\Dusk\\DuskServiceProvider))
#2 D:\\xampp\\htdocs\\subtraction_api\\vendor\\laravel\\framework\\src\\Illuminate\\Foundation\\Application.php(593): Illuminate\\Foundation\\ProviderRepository->load(Array)
#3 D:\\xampp\\htdocs\\subtraction_api\\vendor\\laravel\\framework\\src\\Illuminate\\Foundation\\Bootstrap\\RegisterProviders.php(17): Illuminate\\Foundation\\Application->registerConfiguredProviders()
#4 D:\\xampp\\htdocs\\subtraction_api\\vendor\\laravel\\framework\\src\\Illuminate\\Foundation\\Application.php(219): Illuminate\\Foundation\\Bootstrap\\RegisterProviders->bootstrap(Object(Illuminate\\Foundation\\Application))
#5 D:\\xampp\\htdocs\\subtraction_api\\vendor\\laravel\\framework\\src\\Illuminate\\Foundation\\Console\\Kernel.php(320): Illuminate\\Foundation\\Application->bootstrapWith(Array)
#6 D:\\xampp\\htdocs\\subtraction_api\\vendor\\laravel\\framework\\src\\Illuminate\\Foundation\\Console\\Kernel.php(129): Illuminate\\Foundation\\Console\\Kernel->bootstrap()
#7 Command line code(1): Illuminate\\Foundation\\Console\\Kernel->handle(Object(Symfony\\Component\\Console\\Input\\ArgvInput), Object(Symfony\\Component\\Console\\Output\\ConsoleOutput))
#8 {main}
"} 
[2021-08-21 06:19:48] production.ERROR: It is unsafe to run Dusk in production. {"exception":"[object] (Exception(code: 0): It is unsafe to run Dusk in production. at D:\\xampp\\htdocs\\subtraction_api\\vendor\\laravel\\dusk\\src\\DuskServiceProvider.php:44)
[stacktrace]
#0 D:\\xampp\\htdocs\\subtraction_api\\vendor\\laravel\\framework\\src\\Illuminate\\Foundation\\Application.php(616): Laravel\\Dusk\\DuskServiceProvider->register()
#1 D:\\xampp\\htdocs\\subtraction_api\\vendor\\laravel\\framework\\src\\Illuminate\\Foundation\\ProviderRepository.php(75): Illuminate\\Foundation\\Application->register(Object(Laravel\\Dusk\\DuskServiceProvider))
#2 D:\\xampp\\htdocs\\subtraction_api\\vendor\\laravel\\framework\\src\\Illuminate\\Foundation\\Application.php(593): Illuminate\\Foundation\\ProviderRepository->load(Array)
#3 D:\\xampp\\htdocs\\subtraction_api\\vendor\\laravel\\framework\\src\\Illuminate\\Foundation\\Bootstrap\\RegisterProviders.php(17): Illuminate\\Foundation\\Application->registerConfiguredProviders()
#4 D:\\xampp\\htdocs\\subtraction_api\\vendor\\laravel\\framework\\src\\Illuminate\\Foundation\\Application.php(219): Illuminate\\Foundation\\Bootstrap\\RegisterProviders->bootstrap(Object(Illuminate\\Foundation\\Application))
#5 D:\\xampp\\htdocs\\subtraction_api\\vendor\\laravel\\framework\\src\\Illuminate\\Foundation\\Console\\Kernel.php(320): Illuminate\\Foundation\\Application->bootstrapWith(Array)
#6 D:\\xampp\\htdocs\\subtraction_api\\vendor\\laravel\\framework\\src\\Illuminate\\Foundation\\Console\\Kernel.php(129): Illuminate\\Foundation\\Console\\Kernel->bootstrap()
#7 Command line code(1): Illuminate\\Foundation\\Console\\Kernel->handle(Object(Symfony\\Component\\Console\\Input\\ArgvInput), Object(Symfony\\Component\\Console\\Output\\ConsoleOutput))
#8 {main}
"} 
[2021-08-21 06:20:48] production.ERROR: It is unsafe to run Dusk in production. {"exception":"[object] (Exception(code: 0): It is unsafe to run Dusk in production. at D:\\xampp\\htdocs\\subtraction_api\\vendor\\laravel\\dusk\\src\\DuskServiceProvider.php:44)
[stacktrace]
#0 D:\\xampp\\htdocs\\subtraction_api\\vendor\\laravel\\framework\\src\\Illuminate\\Foundation\\Application.php(616): Laravel\\Dusk\\DuskServiceProvider->register()
#1 D:\\xampp\\htdocs\\subtraction_api\\vendor\\laravel\\framework\\src\\Illuminate\\Foundation\\ProviderRepository.php(75): Illuminate\\Foundation\\Application->register(Object(Laravel\\Dusk\\DuskServiceProvider))
#2 D:\\xampp\\htdocs\\subtraction_api\\vendor\\laravel\\framework\\src\\Illuminate\\Foundation\\Application.php(593): Illuminate\\Foundation\\ProviderRepository->load(Array)
#3 D:\\xampp\\htdocs\\subtraction_api\\vendor\\laravel\\framework\\src\\Illuminate\\Foundation\\Bootstrap\\RegisterProviders.php(17): Illuminate\\Foundation\\Application->registerConfiguredProviders()
#4 D:\\xampp\\htdocs\\subtraction_api\\vendor\\laravel\\framework\\src\\Illuminate\\Foundation\\Application.php(219): Illuminate\\Foundation\\Bootstrap\\RegisterProviders->bootstrap(Object(Illuminate\\Foundation\\Application))
#5 D:\\xampp\\htdocs\\subtraction_api\\vendor\\laravel\\framework\\src\\Illuminate\\Foundation\\Console\\Kernel.php(320): Illuminate\\Foundation\\Application->bootstrapWith(Array)
#6 D:\\xampp\\htdocs\\subtraction_api\\vendor\\laravel\\framework\\src\\Illuminate\\Foundation\\Console\\Kernel.php(129): Illuminate\\Foundation\\Console\\Kernel->bootstrap()
#7 Command line code(1): Illuminate\\Foundation\\Console\\Kernel->handle(Object(Symfony\\Component\\Console\\Input\\ArgvInput), Object(Symfony\\Component\\Console\\Output\\ConsoleOutput))
#8 {main}
"} 
[2021-08-21 06:20:48] production.ERROR: It is unsafe to run Dusk in production. {"exception":"[object] (Exception(code: 0): It is unsafe to run Dusk in production. at D:\\xampp\\htdocs\\subtraction_api\\vendor\\laravel\\dusk\\src\\DuskServiceProvider.php:44)
[stacktrace]
#0 D:\\xampp\\htdocs\\subtraction_api\\vendor\\laravel\\framework\\src\\Illuminate\\Foundation\\Application.php(616): Laravel\\Dusk\\DuskServiceProvider->register()
#1 D:\\xampp\\htdocs\\subtraction_api\\vendor\\laravel\\framework\\src\\Illuminate\\Foundation\\ProviderRepository.php(75): Illuminate\\Foundation\\Application->register(Object(Laravel\\Dusk\\DuskServiceProvider))
#2 D:\\xampp\\htdocs\\subtraction_api\\vendor\\laravel\\framework\\src\\Illuminate\\Foundation\\Application.php(593): Illuminate\\Foundation\\ProviderRepository->load(Array)
#3 D:\\xampp\\htdocs\\subtraction_api\\vendor\\laravel\\framework\\src\\Illuminate\\Foundation\\Bootstrap\\RegisterProviders.php(17): Illuminate\\Foundation\\Application->registerConfiguredProviders()
#4 D:\\xampp\\htdocs\\subtraction_api\\vendor\\laravel\\framework\\src\\Illuminate\\Foundation\\Application.php(219): Illuminate\\Foundation\\Bootstrap\\RegisterProviders->bootstrap(Object(Illuminate\\Foundation\\Application))
#5 D:\\xampp\\htdocs\\subtraction_api\\vendor\\laravel\\framework\\src\\Illuminate\\Foundation\\Console\\Kernel.php(320): Illuminate\\Foundation\\Application->bootstrapWith(Array)
#6 D:\\xampp\\htdocs\\subtraction_api\\vendor\\laravel\\framework\\src\\Illuminate\\Foundation\\Console\\Kernel.php(129): Illuminate\\Foundation\\Console\\Kernel->bootstrap()
#7 Command line code(1): Illuminate\\Foundation\\Console\\Kernel->handle(Object(Symfony\\Component\\Console\\Input\\ArgvInput), Object(Symfony\\Component\\Console\\Output\\ConsoleOutput))
#8 {main}
"} 
[2021-08-21 06:21:49] production.ERROR: It is unsafe to run Dusk in production. {"exception":"[object] (Exception(code: 0): It is unsafe to run Dusk in production. at D:\\xampp\\htdocs\\subtraction_api\\vendor\\laravel\\dusk\\src\\DuskServiceProvider.php:44)
[stacktrace]
#0 D:\\xampp\\htdocs\\subtraction_api\\vendor\\laravel\\framework\\src\\Illuminate\\Foundation\\Application.php(616): Laravel\\Dusk\\DuskServiceProvider->register()
#1 D:\\xampp\\htdocs\\subtraction_api\\vendor\\laravel\\framework\\src\\Illuminate\\Foundation\\ProviderRepository.php(75): Illuminate\\Foundation\\Application->register(Object(Laravel\\Dusk\\DuskServiceProvider))
#2 D:\\xampp\\htdocs\\subtraction_api\\vendor\\laravel\\framework\\src\\Illuminate\\Foundation\\Application.php(593): Illuminate\\Foundation\\ProviderRepository->load(Array)
#3 D:\\xampp\\htdocs\\subtraction_api\\vendor\\laravel\\framework\\src\\Illuminate\\Foundation\\Bootstrap\\RegisterProviders.php(17): Illuminate\\Foundation\\Application->registerConfiguredProviders()
#4 D:\\xampp\\htdocs\\subtraction_api\\vendor\\laravel\\framework\\src\\Illuminate\\Foundation\\Application.php(219): Illuminate\\Foundation\\Bootstrap\\RegisterProviders->bootstrap(Object(Illuminate\\Foundation\\Application))
#5 D:\\xampp\\htdocs\\subtraction_api\\vendor\\laravel\\framework\\src\\Illuminate\\Foundation\\Console\\Kernel.php(320): Illuminate\\Foundation\\Application->bootstrapWith(Array)
#6 D:\\xampp\\htdocs\\subtraction_api\\vendor\\laravel\\framework\\src\\Illuminate\\Foundation\\Console\\Kernel.php(129): Illuminate\\Foundation\\Console\\Kernel->bootstrap()
#7 Command line code(1): Illuminate\\Foundation\\Console\\Kernel->handle(Object(Symfony\\Component\\Console\\Input\\ArgvInput), Object(Symfony\\Component\\Console\\Output\\ConsoleOutput))
#8 {main}
"} 
[2021-08-21 06:22:49] production.ERROR: It is unsafe to run Dusk in production. {"exception":"[object] (Exception(code: 0): It is unsafe to run Dusk in production. at D:\\xampp\\htdocs\\subtraction_api\\vendor\\laravel\\dusk\\src\\DuskServiceProvider.php:44)
[stacktrace]
#0 D:\\xampp\\htdocs\\subtraction_api\\vendor\\laravel\\framework\\src\\Illuminate\\Foundation\\Application.php(616): Laravel\\Dusk\\DuskServiceProvider->register()
#1 D:\\xampp\\htdocs\\subtraction_api\\vendor\\laravel\\framework\\src\\Illuminate\\Foundation\\ProviderRepository.php(75): Illuminate\\Foundation\\Application->register(Object(Laravel\\Dusk\\DuskServiceProvider))
#2 D:\\xampp\\htdocs\\subtraction_api\\vendor\\laravel\\framework\\src\\Illuminate\\Foundation\\Application.php(593): Illuminate\\Foundation\\ProviderRepository->load(Array)
#3 D:\\xampp\\htdocs\\subtraction_api\\vendor\\laravel\\framework\\src\\Illuminate\\Foundation\\Bootstrap\\RegisterProviders.php(17): Illuminate\\Foundation\\Application->registerConfiguredProviders()
#4 D:\\xampp\\htdocs\\subtraction_api\\vendor\\laravel\\framework\\src\\Illuminate\\Foundation\\Application.php(219): Illuminate\\Foundation\\Bootstrap\\RegisterProviders->bootstrap(Object(Illuminate\\Foundation\\Application))
#5 D:\\xampp\\htdocs\\subtraction_api\\vendor\\laravel\\framework\\src\\Illuminate\\Foundation\\Console\\Kernel.php(320): Illuminate\\Foundation\\Application->bootstrapWith(Array)
#6 D:\\xampp\\htdocs\\subtraction_api\\vendor\\laravel\\framework\\src\\Illuminate\\Foundation\\Console\\Kernel.php(129): Illuminate\\Foundation\\Console\\Kernel->bootstrap()
#7 Command line code(1): Illuminate\\Foundation\\Console\\Kernel->handle(Object(Symfony\\Component\\Console\\Input\\ArgvInput), Object(Symfony\\Component\\Console\\Output\\ConsoleOutput))
#8 {main}
"} 
[2021-08-21 06:22:49] production.ERROR: It is unsafe to run Dusk in production. {"exception":"[object] (Exception(code: 0): It is unsafe to run Dusk in production. at D:\\xampp\\htdocs\\subtraction_api\\vendor\\laravel\\dusk\\src\\DuskServiceProvider.php:44)
[stacktrace]
#0 D:\\xampp\\htdocs\\subtraction_api\\vendor\\laravel\\framework\\src\\Illuminate\\Foundation\\Application.php(616): Laravel\\Dusk\\DuskServiceProvider->register()
#1 D:\\xampp\\htdocs\\subtraction_api\\vendor\\laravel\\framework\\src\\Illuminate\\Foundation\\ProviderRepository.php(75): Illuminate\\Foundation\\Application->register(Object(Laravel\\Dusk\\DuskServiceProvider))
#2 D:\\xampp\\htdocs\\subtraction_api\\vendor\\laravel\\framework\\src\\Illuminate\\Foundation\\Application.php(593): Illuminate\\Foundation\\ProviderRepository->load(Array)
#3 D:\\xampp\\htdocs\\subtraction_api\\vendor\\laravel\\framework\\src\\Illuminate\\Foundation\\Bootstrap\\RegisterProviders.php(17): Illuminate\\Foundation\\Application->registerConfiguredProviders()
#4 D:\\xampp\\htdocs\\subtraction_api\\vendor\\laravel\\framework\\src\\Illuminate\\Foundation\\Application.php(219): Illuminate\\Foundation\\Bootstrap\\RegisterProviders->bootstrap(Object(Illuminate\\Foundation\\Application))
#5 D:\\xampp\\htdocs\\subtraction_api\\vendor\\laravel\\framework\\src\\Illuminate\\Foundation\\Console\\Kernel.php(320): Illuminate\\Foundation\\Application->bootstrapWith(Array)
#6 D:\\xampp\\htdocs\\subtraction_api\\vendor\\laravel\\framework\\src\\Illuminate\\Foundation\\Console\\Kernel.php(129): Illuminate\\Foundation\\Console\\Kernel->bootstrap()
#7 Command line code(1): Illuminate\\Foundation\\Console\\Kernel->handle(Object(Symfony\\Component\\Console\\Input\\ArgvInput), Object(Symfony\\Component\\Console\\Output\\ConsoleOutput))
#8 {main}
"} 
[2021-08-21 06:23:49] production.ERROR: It is unsafe to run Dusk in production. {"exception":"[object] (Exception(code: 0): It is unsafe to run Dusk in production. at D:\\xampp\\htdocs\\subtraction_api\\vendor\\laravel\\dusk\\src\\DuskServiceProvider.php:44)
[stacktrace]
#0 D:\\xampp\\htdocs\\subtraction_api\\vendor\\laravel\\framework\\src\\Illuminate\\Foundation\\Application.php(616): Laravel\\Dusk\\DuskServiceProvider->register()
#1 D:\\xampp\\htdocs\\subtraction_api\\vendor\\laravel\\framework\\src\\Illuminate\\Foundation\\ProviderRepository.php(75): Illuminate\\Foundation\\Application->register(Object(Laravel\\Dusk\\DuskServiceProvider))
#2 D:\\xampp\\htdocs\\subtraction_api\\vendor\\laravel\\framework\\src\\Illuminate\\Foundation\\Application.php(593): Illuminate\\Foundation\\ProviderRepository->load(Array)
#3 D:\\xampp\\htdocs\\subtraction_api\\vendor\\laravel\\framework\\src\\Illuminate\\Foundation\\Bootstrap\\RegisterProviders.php(17): Illuminate\\Foundation\\Application->registerConfiguredProviders()
#4 D:\\xampp\\htdocs\\subtraction_api\\vendor\\laravel\\framework\\src\\Illuminate\\Foundation\\Application.php(219): Illuminate\\Foundation\\Bootstrap\\RegisterProviders->bootstrap(Object(Illuminate\\Foundation\\Application))
#5 D:\\xampp\\htdocs\\subtraction_api\\vendor\\laravel\\framework\\src\\Illuminate\\Foundation\\Console\\Kernel.php(320): Illuminate\\Foundation\\Application->bootstrapWith(Array)
#6 D:\\xampp\\htdocs\\subtraction_api\\vendor\\laravel\\framework\\src\\Illuminate\\Foundation\\Console\\Kernel.php(129): Illuminate\\Foundation\\Console\\Kernel->bootstrap()
#7 Command line code(1): Illuminate\\Foundation\\Console\\Kernel->handle(Object(Symfony\\Component\\Console\\Input\\ArgvInput), Object(Symfony\\Component\\Console\\Output\\ConsoleOutput))
#8 {main}
"} 
[2021-08-21 06:23:49] production.ERROR: It is unsafe to run Dusk in production. {"exception":"[object] (Exception(code: 0): It is unsafe to run Dusk in production. at D:\\xampp\\htdocs\\subtraction_api\\vendor\\laravel\\dusk\\src\\DuskServiceProvider.php:44)
[stacktrace]
#0 D:\\xampp\\htdocs\\subtraction_api\\vendor\\laravel\\framework\\src\\Illuminate\\Foundation\\Application.php(616): Laravel\\Dusk\\DuskServiceProvider->register()
#1 D:\\xampp\\htdocs\\subtraction_api\\vendor\\laravel\\framework\\src\\Illuminate\\Foundation\\ProviderRepository.php(75): Illuminate\\Foundation\\Application->register(Object(Laravel\\Dusk\\DuskServiceProvider))
#2 D:\\xampp\\htdocs\\subtraction_api\\vendor\\laravel\\framework\\src\\Illuminate\\Foundation\\Application.php(593): Illuminate\\Foundation\\ProviderRepository->load(Array)
#3 D:\\xampp\\htdocs\\subtraction_api\\vendor\\laravel\\framework\\src\\Illuminate\\Foundation\\Bootstrap\\RegisterProviders.php(17): Illuminate\\Foundation\\Application->registerConfiguredProviders()
#4 D:\\xampp\\htdocs\\subtraction_api\\vendor\\laravel\\framework\\src\\Illuminate\\Foundation\\Application.php(219): Illuminate\\Foundation\\Bootstrap\\RegisterProviders->bootstrap(Object(Illuminate\\Foundation\\Application))
#5 D:\\xampp\\htdocs\\subtraction_api\\vendor\\laravel\\framework\\src\\Illuminate\\Foundation\\Console\\Kernel.php(320): Illuminate\\Foundation\\Application->bootstrapWith(Array)
#6 D:\\xampp\\htdocs\\subtraction_api\\vendor\\laravel\\framework\\src\\Illuminate\\Foundation\\Console\\Kernel.php(129): Illuminate\\Foundation\\Console\\Kernel->bootstrap()
#7 Command line code(1): Illuminate\\Foundation\\Console\\Kernel->handle(Object(Symfony\\Component\\Console\\Input\\ArgvInput), Object(Symfony\\Component\\Console\\Output\\ConsoleOutput))
#8 {main}
"} 
[2021-08-21 06:24:48] production.ERROR: It is unsafe to run Dusk in production. {"exception":"[object] (Exception(code: 0): It is unsafe to run Dusk in production. at D:\\xampp\\htdocs\\subtraction_api\\vendor\\laravel\\dusk\\src\\DuskServiceProvider.php:44)
[stacktrace]
#0 D:\\xampp\\htdocs\\subtraction_api\\vendor\\laravel\\framework\\src\\Illuminate\\Foundation\\Application.php(616): Laravel\\Dusk\\DuskServiceProvider->register()
#1 D:\\xampp\\htdocs\\subtraction_api\\vendor\\laravel\\framework\\src\\Illuminate\\Foundation\\ProviderRepository.php(75): Illuminate\\Foundation\\Application->register(Object(Laravel\\Dusk\\DuskServiceProvider))
#2 D:\\xampp\\htdocs\\subtraction_api\\vendor\\laravel\\framework\\src\\Illuminate\\Foundation\\Application.php(593): Illuminate\\Foundation\\ProviderRepository->load(Array)
#3 D:\\xampp\\htdocs\\subtraction_api\\vendor\\laravel\\framework\\src\\Illuminate\\Foundation\\Bootstrap\\RegisterProviders.php(17): Illuminate\\Foundation\\Application->registerConfiguredProviders()
#4 D:\\xampp\\htdocs\\subtraction_api\\vendor\\laravel\\framework\\src\\Illuminate\\Foundation\\Application.php(219): Illuminate\\Foundation\\Bootstrap\\RegisterProviders->bootstrap(Object(Illuminate\\Foundation\\Application))
#5 D:\\xampp\\htdocs\\subtraction_api\\vendor\\laravel\\framework\\src\\Illuminate\\Foundation\\Console\\Kernel.php(320): Illuminate\\Foundation\\Application->bootstrapWith(Array)
#6 D:\\xampp\\htdocs\\subtraction_api\\vendor\\laravel\\framework\\src\\Illuminate\\Foundation\\Console\\Kernel.php(129): Illuminate\\Foundation\\Console\\Kernel->bootstrap()
#7 Command line code(1): Illuminate\\Foundation\\Console\\Kernel->handle(Object(Symfony\\Component\\Console\\Input\\ArgvInput), Object(Symfony\\Component\\Console\\Output\\ConsoleOutput))
#8 {main}
"} 
[2021-08-21 06:24:48] production.ERROR: It is unsafe to run Dusk in production. {"exception":"[object] (Exception(code: 0): It is unsafe to run Dusk in production. at D:\\xampp\\htdocs\\subtraction_api\\vendor\\laravel\\dusk\\src\\DuskServiceProvider.php:44)
[stacktrace]
#0 D:\\xampp\\htdocs\\subtraction_api\\vendor\\laravel\\framework\\src\\Illuminate\\Foundation\\Application.php(616): Laravel\\Dusk\\DuskServiceProvider->register()
#1 D:\\xampp\\htdocs\\subtraction_api\\vendor\\laravel\\framework\\src\\Illuminate\\Foundation\\ProviderRepository.php(75): Illuminate\\Foundation\\Application->register(Object(Laravel\\Dusk\\DuskServiceProvider))
#2 D:\\xampp\\htdocs\\subtraction_api\\vendor\\laravel\\framework\\src\\Illuminate\\Foundation\\Application.php(593): Illuminate\\Foundation\\ProviderRepository->load(Array)
#3 D:\\xampp\\htdocs\\subtraction_api\\vendor\\laravel\\framework\\src\\Illuminate\\Foundation\\Bootstrap\\RegisterProviders.php(17): Illuminate\\Foundation\\Application->registerConfiguredProviders()
#4 D:\\xampp\\htdocs\\subtraction_api\\vendor\\laravel\\framework\\src\\Illuminate\\Foundation\\Application.php(219): Illuminate\\Foundation\\Bootstrap\\RegisterProviders->bootstrap(Object(Illuminate\\Foundation\\Application))
#5 D:\\xampp\\htdocs\\subtraction_api\\vendor\\laravel\\framework\\src\\Illuminate\\Foundation\\Console\\Kernel.php(320): Illuminate\\Foundation\\Application->bootstrapWith(Array)
#6 D:\\xampp\\htdocs\\subtraction_api\\vendor\\laravel\\framework\\src\\Illuminate\\Foundation\\Console\\Kernel.php(129): Illuminate\\Foundation\\Console\\Kernel->bootstrap()
#7 Command line code(1): Illuminate\\Foundation\\Console\\Kernel->handle(Object(Symfony\\Component\\Console\\Input\\ArgvInput), Object(Symfony\\Component\\Console\\Output\\ConsoleOutput))
#8 {main}
"} 
[2021-08-21 06:24:48] production.ERROR: It is unsafe to run Dusk in production. {"exception":"[object] (Exception(code: 0): It is unsafe to run Dusk in production. at D:\\xampp\\htdocs\\subtraction_api\\vendor\\laravel\\dusk\\src\\DuskServiceProvider.php:44)
[stacktrace]
#0 D:\\xampp\\htdocs\\subtraction_api\\vendor\\laravel\\framework\\src\\Illuminate\\Foundation\\Application.php(616): Laravel\\Dusk\\DuskServiceProvider->register()
#1 D:\\xampp\\htdocs\\subtraction_api\\vendor\\laravel\\framework\\src\\Illuminate\\Foundation\\ProviderRepository.php(75): Illuminate\\Foundation\\Application->register(Object(Laravel\\Dusk\\DuskServiceProvider))
#2 D:\\xampp\\htdocs\\subtraction_api\\vendor\\laravel\\framework\\src\\Illuminate\\Foundation\\Application.php(593): Illuminate\\Foundation\\ProviderRepository->load(Array)
#3 D:\\xampp\\htdocs\\subtraction_api\\vendor\\laravel\\framework\\src\\Illuminate\\Foundation\\Bootstrap\\RegisterProviders.php(17): Illuminate\\Foundation\\Application->registerConfiguredProviders()
#4 D:\\xampp\\htdocs\\subtraction_api\\vendor\\laravel\\framework\\src\\Illuminate\\Foundation\\Application.php(219): Illuminate\\Foundation\\Bootstrap\\RegisterProviders->bootstrap(Object(Illuminate\\Foundation\\Application))
#5 D:\\xampp\\htdocs\\subtraction_api\\vendor\\laravel\\framework\\src\\Illuminate\\Foundation\\Console\\Kernel.php(320): Illuminate\\Foundation\\Application->bootstrapWith(Array)
#6 D:\\xampp\\htdocs\\subtraction_api\\vendor\\laravel\\framework\\src\\Illuminate\\Foundation\\Console\\Kernel.php(129): Illuminate\\Foundation\\Console\\Kernel->bootstrap()
#7 Command line code(1): Illuminate\\Foundation\\Console\\Kernel->handle(Object(Symfony\\Component\\Console\\Input\\ArgvInput), Object(Symfony\\Component\\Console\\Output\\ConsoleOutput))
#8 {main}
"} 
[2021-08-21 06:25:49] production.ERROR: It is unsafe to run Dusk in production. {"exception":"[object] (Exception(code: 0): It is unsafe to run Dusk in production. at D:\\xampp\\htdocs\\subtraction_api\\vendor\\laravel\\dusk\\src\\DuskServiceProvider.php:44)
[stacktrace]
#0 D:\\xampp\\htdocs\\subtraction_api\\vendor\\laravel\\framework\\src\\Illuminate\\Foundation\\Application.php(616): Laravel\\Dusk\\DuskServiceProvider->register()
#1 D:\\xampp\\htdocs\\subtraction_api\\vendor\\laravel\\framework\\src\\Illuminate\\Foundation\\ProviderRepository.php(75): Illuminate\\Foundation\\Application->register(Object(Laravel\\Dusk\\DuskServiceProvider))
#2 D:\\xampp\\htdocs\\subtraction_api\\vendor\\laravel\\framework\\src\\Illuminate\\Foundation\\Application.php(593): Illuminate\\Foundation\\ProviderRepository->load(Array)
#3 D:\\xampp\\htdocs\\subtraction_api\\vendor\\laravel\\framework\\src\\Illuminate\\Foundation\\Bootstrap\\RegisterProviders.php(17): Illuminate\\Foundation\\Application->registerConfiguredProviders()
#4 D:\\xampp\\htdocs\\subtraction_api\\vendor\\laravel\\framework\\src\\Illuminate\\Foundation\\Application.php(219): Illuminate\\Foundation\\Bootstrap\\RegisterProviders->bootstrap(Object(Illuminate\\Foundation\\Application))
#5 D:\\xampp\\htdocs\\subtraction_api\\vendor\\laravel\\framework\\src\\Illuminate\\Foundation\\Console\\Kernel.php(320): Illuminate\\Foundation\\Application->bootstrapWith(Array)
#6 D:\\xampp\\htdocs\\subtraction_api\\vendor\\laravel\\framework\\src\\Illuminate\\Foundation\\Console\\Kernel.php(129): Illuminate\\Foundation\\Console\\Kernel->bootstrap()
#7 Command line code(1): Illuminate\\Foundation\\Console\\Kernel->handle(Object(Symfony\\Component\\Console\\Input\\ArgvInput), Object(Symfony\\Component\\Console\\Output\\ConsoleOutput))
#8 {main}
"} 
[2021-08-21 06:25:49] production.ERROR: It is unsafe to run Dusk in production. {"exception":"[object] (Exception(code: 0): It is unsafe to run Dusk in production. at D:\\xampp\\htdocs\\subtraction_api\\vendor\\laravel\\dusk\\src\\DuskServiceProvider.php:44)
[stacktrace]
#0 D:\\xampp\\htdocs\\subtraction_api\\vendor\\laravel\\framework\\src\\Illuminate\\Foundation\\Application.php(616): Laravel\\Dusk\\DuskServiceProvider->register()
#1 D:\\xampp\\htdocs\\subtraction_api\\vendor\\laravel\\framework\\src\\Illuminate\\Foundation\\ProviderRepository.php(75): Illuminate\\Foundation\\Application->register(Object(Laravel\\Dusk\\DuskServiceProvider))
#2 D:\\xampp\\htdocs\\subtraction_api\\vendor\\laravel\\framework\\src\\Illuminate\\Foundation\\Application.php(593): Illuminate\\Foundation\\ProviderRepository->load(Array)
#3 D:\\xampp\\htdocs\\subtraction_api\\vendor\\laravel\\framework\\src\\Illuminate\\Foundation\\Bootstrap\\RegisterProviders.php(17): Illuminate\\Foundation\\Application->registerConfiguredProviders()
#4 D:\\xampp\\htdocs\\subtraction_api\\vendor\\laravel\\framework\\src\\Illuminate\\Foundation\\Application.php(219): Illuminate\\Foundation\\Bootstrap\\RegisterProviders->bootstrap(Object(Illuminate\\Foundation\\Application))
#5 D:\\xampp\\htdocs\\subtraction_api\\vendor\\laravel\\framework\\src\\Illuminate\\Foundation\\Console\\Kernel.php(320): Illuminate\\Foundation\\Application->bootstrapWith(Array)
#6 D:\\xampp\\htdocs\\subtraction_api\\vendor\\laravel\\framework\\src\\Illuminate\\Foundation\\Console\\Kernel.php(129): Illuminate\\Foundation\\Console\\Kernel->bootstrap()
#7 Command line code(1): Illuminate\\Foundation\\Console\\Kernel->handle(Object(Symfony\\Component\\Console\\Input\\ArgvInput), Object(Symfony\\Component\\Console\\Output\\ConsoleOutput))
#8 {main}
"} 
[2021-08-21 06:26:49] production.ERROR: It is unsafe to run Dusk in production. {"exception":"[object] (Exception(code: 0): It is unsafe to run Dusk in production. at D:\\xampp\\htdocs\\subtraction_api\\vendor\\laravel\\dusk\\src\\DuskServiceProvider.php:44)
[stacktrace]
#0 D:\\xampp\\htdocs\\subtraction_api\\vendor\\laravel\\framework\\src\\Illuminate\\Foundation\\Application.php(616): Laravel\\Dusk\\DuskServiceProvider->register()
#1 D:\\xampp\\htdocs\\subtraction_api\\vendor\\laravel\\framework\\src\\Illuminate\\Foundation\\ProviderRepository.php(75): Illuminate\\Foundation\\Application->register(Object(Laravel\\Dusk\\DuskServiceProvider))
#2 D:\\xampp\\htdocs\\subtraction_api\\vendor\\laravel\\framework\\src\\Illuminate\\Foundation\\Application.php(593): Illuminate\\Foundation\\ProviderRepository->load(Array)
#3 D:\\xampp\\htdocs\\subtraction_api\\vendor\\laravel\\framework\\src\\Illuminate\\Foundation\\Bootstrap\\RegisterProviders.php(17): Illuminate\\Foundation\\Application->registerConfiguredProviders()
#4 D:\\xampp\\htdocs\\subtraction_api\\vendor\\laravel\\framework\\src\\Illuminate\\Foundation\\Application.php(219): Illuminate\\Foundation\\Bootstrap\\RegisterProviders->bootstrap(Object(Illuminate\\Foundation\\Application))
#5 D:\\xampp\\htdocs\\subtraction_api\\vendor\\laravel\\framework\\src\\Illuminate\\Foundation\\Console\\Kernel.php(320): Illuminate\\Foundation\\Application->bootstrapWith(Array)
#6 D:\\xampp\\htdocs\\subtraction_api\\vendor\\laravel\\framework\\src\\Illuminate\\Foundation\\Console\\Kernel.php(129): Illuminate\\Foundation\\Console\\Kernel->bootstrap()
#7 Command line code(1): Illuminate\\Foundation\\Console\\Kernel->handle(Object(Symfony\\Component\\Console\\Input\\ArgvInput), Object(Symfony\\Component\\Console\\Output\\ConsoleOutput))
#8 {main}
"} 
[2021-08-21 06:34:54] production.ERROR: It is unsafe to run Dusk in production. {"exception":"[object] (Exception(code: 0): It is unsafe to run Dusk in production. at D:\\xampp\\htdocs\\subtraction_api\\vendor\\laravel\\dusk\\src\\DuskServiceProvider.php:44)
[stacktrace]
#0 D:\\xampp\\htdocs\\subtraction_api\\vendor\\laravel\\framework\\src\\Illuminate\\Foundation\\Application.php(616): Laravel\\Dusk\\DuskServiceProvider->register()
#1 D:\\xampp\\htdocs\\subtraction_api\\vendor\\laravel\\framework\\src\\Illuminate\\Foundation\\ProviderRepository.php(75): Illuminate\\Foundation\\Application->register(Object(Laravel\\Dusk\\DuskServiceProvider))
#2 D:\\xampp\\htdocs\\subtraction_api\\vendor\\laravel\\framework\\src\\Illuminate\\Foundation\\Application.php(593): Illuminate\\Foundation\\ProviderRepository->load(Array)
#3 D:\\xampp\\htdocs\\subtraction_api\\vendor\\laravel\\framework\\src\\Illuminate\\Foundation\\Bootstrap\\RegisterProviders.php(17): Illuminate\\Foundation\\Application->registerConfiguredProviders()
#4 D:\\xampp\\htdocs\\subtraction_api\\vendor\\laravel\\framework\\src\\Illuminate\\Foundation\\Application.php(219): Illuminate\\Foundation\\Bootstrap\\RegisterProviders->bootstrap(Object(Illuminate\\Foundation\\Application))
#5 D:\\xampp\\htdocs\\subtraction_api\\vendor\\laravel\\framework\\src\\Illuminate\\Foundation\\Console\\Kernel.php(320): Illuminate\\Foundation\\Application->bootstrapWith(Array)
#6 D:\\xampp\\htdocs\\subtraction_api\\vendor\\laravel\\framework\\src\\Illuminate\\Foundation\\Console\\Kernel.php(129): Illuminate\\Foundation\\Console\\Kernel->bootstrap()
#7 Command line code(1): Illuminate\\Foundation\\Console\\Kernel->handle(Object(Symfony\\Component\\Console\\Input\\ArgvInput), Object(Symfony\\Component\\Console\\Output\\ConsoleOutput))
#8 {main}
"} 
[2021-08-21 06:34:54] production.ERROR: It is unsafe to run Dusk in production. {"exception":"[object] (Exception(code: 0): It is unsafe to run Dusk in production. at D:\\xampp\\htdocs\\subtraction_api\\vendor\\laravel\\dusk\\src\\DuskServiceProvider.php:44)
[stacktrace]
#0 D:\\xampp\\htdocs\\subtraction_api\\vendor\\laravel\\framework\\src\\Illuminate\\Foundation\\Application.php(616): Laravel\\Dusk\\DuskServiceProvider->register()
#1 D:\\xampp\\htdocs\\subtraction_api\\vendor\\laravel\\framework\\src\\Illuminate\\Foundation\\ProviderRepository.php(75): Illuminate\\Foundation\\Application->register(Object(Laravel\\Dusk\\DuskServiceProvider))
#2 D:\\xampp\\htdocs\\subtraction_api\\vendor\\laravel\\framework\\src\\Illuminate\\Foundation\\Application.php(593): Illuminate\\Foundation\\ProviderRepository->load(Array)
#3 D:\\xampp\\htdocs\\subtraction_api\\vendor\\laravel\\framework\\src\\Illuminate\\Foundation\\Bootstrap\\RegisterProviders.php(17): Illuminate\\Foundation\\Application->registerConfiguredProviders()
#4 D:\\xampp\\htdocs\\subtraction_api\\vendor\\laravel\\framework\\src\\Illuminate\\Foundation\\Application.php(219): Illuminate\\Foundation\\Bootstrap\\RegisterProviders->bootstrap(Object(Illuminate\\Foundation\\Application))
#5 D:\\xampp\\htdocs\\subtraction_api\\vendor\\laravel\\framework\\src\\Illuminate\\Foundation\\Console\\Kernel.php(320): Illuminate\\Foundation\\Application->bootstrapWith(Array)
#6 D:\\xampp\\htdocs\\subtraction_api\\vendor\\laravel\\framework\\src\\Illuminate\\Foundation\\Console\\Kernel.php(129): Illuminate\\Foundation\\Console\\Kernel->bootstrap()
#7 Command line code(1): Illuminate\\Foundation\\Console\\Kernel->handle(Object(Symfony\\Component\\Console\\Input\\ArgvInput), Object(Symfony\\Component\\Console\\Output\\ConsoleOutput))
#8 {main}
"} 
[2021-08-21 06:34:54] production.ERROR: It is unsafe to run Dusk in production. {"exception":"[object] (Exception(code: 0): It is unsafe to run Dusk in production. at D:\\xampp\\htdocs\\subtraction_api\\vendor\\laravel\\dusk\\src\\DuskServiceProvider.php:44)
[stacktrace]
#0 D:\\xampp\\htdocs\\subtraction_api\\vendor\\laravel\\framework\\src\\Illuminate\\Foundation\\Application.php(616): Laravel\\Dusk\\DuskServiceProvider->register()
#1 D:\\xampp\\htdocs\\subtraction_api\\vendor\\laravel\\framework\\src\\Illuminate\\Foundation\\ProviderRepository.php(75): Illuminate\\Foundation\\Application->register(Object(Laravel\\Dusk\\DuskServiceProvider))
#2 D:\\xampp\\htdocs\\subtraction_api\\vendor\\laravel\\framework\\src\\Illuminate\\Foundation\\Application.php(593): Illuminate\\Foundation\\ProviderRepository->load(Array)
#3 D:\\xampp\\htdocs\\subtraction_api\\vendor\\laravel\\framework\\src\\Illuminate\\Foundation\\Bootstrap\\RegisterProviders.php(17): Illuminate\\Foundation\\Application->registerConfiguredProviders()
#4 D:\\xampp\\htdocs\\subtraction_api\\vendor\\laravel\\framework\\src\\Illuminate\\Foundation\\Application.php(219): Illuminate\\Foundation\\Bootstrap\\RegisterProviders->bootstrap(Object(Illuminate\\Foundation\\Application))
#5 D:\\xampp\\htdocs\\subtraction_api\\vendor\\laravel\\framework\\src\\Illuminate\\Foundation\\Console\\Kernel.php(320): Illuminate\\Foundation\\Application->bootstrapWith(Array)
#6 D:\\xampp\\htdocs\\subtraction_api\\vendor\\laravel\\framework\\src\\Illuminate\\Foundation\\Console\\Kernel.php(129): Illuminate\\Foundation\\Console\\Kernel->bootstrap()
#7 Command line code(1): Illuminate\\Foundation\\Console\\Kernel->handle(Object(Symfony\\Component\\Console\\Input\\ArgvInput), Object(Symfony\\Component\\Console\\Output\\ConsoleOutput))
#8 {main}
"} 
[2021-08-21 06:34:55] production.ERROR: Uncaught ReflectionException: Class translator does not exist in D:\xampp\htdocs\subtraction_api\vendor\laravel\framework\src\Illuminate\Container\Container.php:803
Stack trace:
#0 D:\xampp\htdocs\subtraction_api\vendor\laravel\framework\src\Illuminate\Container\Container.php(803): ReflectionClass->__construct('translator')
#1 D:\xampp\htdocs\subtraction_api\vendor\laravel\framework\src\Illuminate\Container\Container.php(681): Illuminate\Container\Container->build('translator')
#2 D:\xampp\htdocs\subtraction_api\vendor\laravel\framework\src\Illuminate\Container\Container.php(629): Illuminate\Container\Container->resolve('translator', Array)
#3 D:\xampp\htdocs\subtraction_api\vendor\laravel\framework\src\Illuminate\Foundation\Application.php(776): Illuminate\Container\Container->make('translator', Array)
#4 D:\xampp\htdocs\subtraction_api\vendor\laravel\framework\src\Illuminate\Foundation\helpers.php(121): Illuminate\Foundation\Application->make('translator', Array)
#5 Command line code(1): app('translator')
# {"exception":"[object] (Symfony\\Component\\Debug\\Exception\\FatalErrorException(code: 1): Uncaught ReflectionException: Class translator does not exist in D:\\xampp\\htdocs\\subtraction_api\\vendor\\laravel\\framework\\src\\Illuminate\\Container\\Container.php:803
Stack trace:
#0 D:\\xampp\\htdocs\\subtraction_api\\vendor\\laravel\\framework\\src\\Illuminate\\Container\\Container.php(803): ReflectionClass->__construct('translator')
#1 D:\\xampp\\htdocs\\subtraction_api\\vendor\\laravel\\framework\\src\\Illuminate\\Container\\Container.php(681): Illuminate\\Container\\Container->build('translator')
#2 D:\\xampp\\htdocs\\subtraction_api\\vendor\\laravel\\framework\\src\\Illuminate\\Container\\Container.php(629): Illuminate\\Container\\Container->resolve('translator', Array)
#3 D:\\xampp\\htdocs\\subtraction_api\\vendor\\laravel\\framework\\src\\Illuminate\\Foundation\\Application.php(776): Illuminate\\Container\\Container->make('translator', Array)
#4 D:\\xampp\\htdocs\\subtraction_api\\vendor\\laravel\\framework\\src\\Illuminate\\Foundation\\helpers.php(121): Illuminate\\Foundation\\Application->make('translator', Array)
#5 Command line code(1): app('translator')
# at D:\\xampp\\htdocs\\subtraction_api\\vendor\\laravel\\framework\\src\\Illuminate\\Container\\Container.php:805)
[stacktrace]
#0 {main}
"} 
[2021-08-21 06:34:55] production.ERROR: It is unsafe to run Dusk in production. {"exception":"[object] (Exception(code: 0): It is unsafe to run Dusk in production. at D:\\xampp\\htdocs\\subtraction_api\\vendor\\laravel\\dusk\\src\\DuskServiceProvider.php:44)
[stacktrace]
#0 D:\\xampp\\htdocs\\subtraction_api\\vendor\\laravel\\framework\\src\\Illuminate\\Foundation\\Application.php(616): Laravel\\Dusk\\DuskServiceProvider->register()
#1 D:\\xampp\\htdocs\\subtraction_api\\vendor\\laravel\\framework\\src\\Illuminate\\Foundation\\ProviderRepository.php(75): Illuminate\\Foundation\\Application->register(Object(Laravel\\Dusk\\DuskServiceProvider))
#2 D:\\xampp\\htdocs\\subtraction_api\\vendor\\laravel\\framework\\src\\Illuminate\\Foundation\\Application.php(593): Illuminate\\Foundation\\ProviderRepository->load(Array)
#3 D:\\xampp\\htdocs\\subtraction_api\\vendor\\laravel\\framework\\src\\Illuminate\\Foundation\\Bootstrap\\RegisterProviders.php(17): Illuminate\\Foundation\\Application->registerConfiguredProviders()
#4 D:\\xampp\\htdocs\\subtraction_api\\vendor\\laravel\\framework\\src\\Illuminate\\Foundation\\Application.php(219): Illuminate\\Foundation\\Bootstrap\\RegisterProviders->bootstrap(Object(Illuminate\\Foundation\\Application))
#5 D:\\xampp\\htdocs\\subtraction_api\\vendor\\laravel\\framework\\src\\Illuminate\\Foundation\\Console\\Kernel.php(320): Illuminate\\Foundation\\Application->bootstrapWith(Array)
#6 D:\\xampp\\htdocs\\subtraction_api\\vendor\\laravel\\framework\\src\\Illuminate\\Foundation\\Console\\Kernel.php(129): Illuminate\\Foundation\\Console\\Kernel->bootstrap()
#7 Command line code(1): Illuminate\\Foundation\\Console\\Kernel->handle(Object(Symfony\\Component\\Console\\Input\\ArgvInput), Object(Symfony\\Component\\Console\\Output\\ConsoleOutput))
#8 {main}
"} 
[2021-08-21 06:35:54] production.ERROR: It is unsafe to run Dusk in production. {"exception":"[object] (Exception(code: 0): It is unsafe to run Dusk in production. at D:\\xampp\\htdocs\\subtraction_api\\vendor\\laravel\\dusk\\src\\DuskServiceProvider.php:44)
[stacktrace]
#0 D:\\xampp\\htdocs\\subtraction_api\\vendor\\laravel\\framework\\src\\Illuminate\\Foundation\\Application.php(616): Laravel\\Dusk\\DuskServiceProvider->register()
#1 D:\\xampp\\htdocs\\subtraction_api\\vendor\\laravel\\framework\\src\\Illuminate\\Foundation\\ProviderRepository.php(75): Illuminate\\Foundation\\Application->register(Object(Laravel\\Dusk\\DuskServiceProvider))
#2 D:\\xampp\\htdocs\\subtraction_api\\vendor\\laravel\\framework\\src\\Illuminate\\Foundation\\Application.php(593): Illuminate\\Foundation\\ProviderRepository->load(Array)
#3 D:\\xampp\\htdocs\\subtraction_api\\vendor\\laravel\\framework\\src\\Illuminate\\Foundation\\Bootstrap\\RegisterProviders.php(17): Illuminate\\Foundation\\Application->registerConfiguredProviders()
#4 D:\\xampp\\htdocs\\subtraction_api\\vendor\\laravel\\framework\\src\\Illuminate\\Foundation\\Application.php(219): Illuminate\\Foundation\\Bootstrap\\RegisterProviders->bootstrap(Object(Illuminate\\Foundation\\Application))
#5 D:\\xampp\\htdocs\\subtraction_api\\vendor\\laravel\\framework\\src\\Illuminate\\Foundation\\Console\\Kernel.php(320): Illuminate\\Foundation\\Application->bootstrapWith(Array)
#6 D:\\xampp\\htdocs\\subtraction_api\\vendor\\laravel\\framework\\src\\Illuminate\\Foundation\\Console\\Kernel.php(129): Illuminate\\Foundation\\Console\\Kernel->bootstrap()
#7 Command line code(1): Illuminate\\Foundation\\Console\\Kernel->handle(Object(Symfony\\Component\\Console\\Input\\ArgvInput), Object(Symfony\\Component\\Console\\Output\\ConsoleOutput))
#8 {main}
"} 
[2021-08-21 06:36:20] production.ERROR: It is unsafe to run Dusk in production. {"exception":"[object] (Exception(code: 0): It is unsafe to run Dusk in production. at D:\\xampp\\htdocs\\subtraction_api\\vendor\\laravel\\dusk\\src\\DuskServiceProvider.php:44)
[stacktrace]
#0 D:\\xampp\\htdocs\\subtraction_api\\vendor\\laravel\\framework\\src\\Illuminate\\Foundation\\Application.php(616): Laravel\\Dusk\\DuskServiceProvider->register()
#1 D:\\xampp\\htdocs\\subtraction_api\\vendor\\laravel\\framework\\src\\Illuminate\\Foundation\\ProviderRepository.php(75): Illuminate\\Foundation\\Application->register(Object(Laravel\\Dusk\\DuskServiceProvider))
#2 D:\\xampp\\htdocs\\subtraction_api\\vendor\\laravel\\framework\\src\\Illuminate\\Foundation\\Application.php(593): Illuminate\\Foundation\\ProviderRepository->load(Array)
#3 D:\\xampp\\htdocs\\subtraction_api\\vendor\\laravel\\framework\\src\\Illuminate\\Foundation\\Bootstrap\\RegisterProviders.php(17): Illuminate\\Foundation\\Application->registerConfiguredProviders()
#4 D:\\xampp\\htdocs\\subtraction_api\\vendor\\laravel\\framework\\src\\Illuminate\\Foundation\\Application.php(219): Illuminate\\Foundation\\Bootstrap\\RegisterProviders->bootstrap(Object(Illuminate\\Foundation\\Application))
#5 D:\\xampp\\htdocs\\subtraction_api\\vendor\\laravel\\framework\\src\\Illuminate\\Foundation\\Console\\Kernel.php(320): Illuminate\\Foundation\\Application->bootstrapWith(Array)
#6 D:\\xampp\\htdocs\\subtraction_api\\vendor\\laravel\\framework\\src\\Illuminate\\Foundation\\Console\\Kernel.php(129): Illuminate\\Foundation\\Console\\Kernel->bootstrap()
#7 Command line code(1): Illuminate\\Foundation\\Console\\Kernel->handle(Object(Symfony\\Component\\Console\\Input\\ArgvInput), Object(Symfony\\Component\\Console\\Output\\ConsoleOutput))
#8 {main}
"} 
[2021-08-21 06:36:36] production.ERROR: It is unsafe to run Dusk in production. {"exception":"[object] (Exception(code: 0): It is unsafe to run Dusk in production. at D:\\xampp\\htdocs\\subtraction_api\\vendor\\laravel\\dusk\\src\\DuskServiceProvider.php:44)
[stacktrace]
#0 D:\\xampp\\htdocs\\subtraction_api\\vendor\\laravel\\framework\\src\\Illuminate\\Foundation\\Application.php(616): Laravel\\Dusk\\DuskServiceProvider->register()
#1 D:\\xampp\\htdocs\\subtraction_api\\vendor\\laravel\\framework\\src\\Illuminate\\Foundation\\ProviderRepository.php(75): Illuminate\\Foundation\\Application->register(Object(Laravel\\Dusk\\DuskServiceProvider))
#2 D:\\xampp\\htdocs\\subtraction_api\\vendor\\laravel\\framework\\src\\Illuminate\\Foundation\\Application.php(593): Illuminate\\Foundation\\ProviderRepository->load(Array)
#3 D:\\xampp\\htdocs\\subtraction_api\\vendor\\laravel\\framework\\src\\Illuminate\\Foundation\\Bootstrap\\RegisterProviders.php(17): Illuminate\\Foundation\\Application->registerConfiguredProviders()
#4 D:\\xampp\\htdocs\\subtraction_api\\vendor\\laravel\\framework\\src\\Illuminate\\Foundation\\Application.php(219): Illuminate\\Foundation\\Bootstrap\\RegisterProviders->bootstrap(Object(Illuminate\\Foundation\\Application))
#5 D:\\xampp\\htdocs\\subtraction_api\\vendor\\laravel\\framework\\src\\Illuminate\\Foundation\\Console\\Kernel.php(320): Illuminate\\Foundation\\Application->bootstrapWith(Array)
#6 D:\\xampp\\htdocs\\subtraction_api\\vendor\\laravel\\framework\\src\\Illuminate\\Foundation\\Console\\Kernel.php(129): Illuminate\\Foundation\\Console\\Kernel->bootstrap()
#7 Command line code(1): Illuminate\\Foundation\\Console\\Kernel->handle(Object(Symfony\\Component\\Console\\Input\\ArgvInput), Object(Symfony\\Component\\Console\\Output\\ConsoleOutput))
#8 {main}
"} 
